{
  "stats": {
    "suites": 20,
    "tests": 60,
    "passes": 60,
    "pending": 0,
    "failures": 0,
    "start": "2021-04-24T16:50:56.256Z",
    "end": "2021-04-24T16:54:16.747Z",
    "duration": 113732,
    "testsRegistered": 60,
    "passPercent": 100,
    "pendingPercent": 0,
    "other": 0,
    "hasOther": false,
    "skipped": 0,
    "hasSkipped": false
  },
  "results": [
    {
      "uuid": "1ffa911c-a427-4272-85c2-fe6b039792ce",
      "title": "",
      "fullFile": "cypress/integration/automation-test-store/alias-invoke.js",
      "file": "cypress/integration/automation-test-store/alias-invoke.js",
      "beforeHooks": [],
      "afterHooks": [],
      "tests": [],
      "suites": [
        {
          "uuid": "c3cd1aa7-111a-4523-9a3a-2462ec53a8f7",
          "title": "Alias and Invoke",
          "fullFile": "",
          "file": "",
          "beforeHooks": [],
          "afterHooks": [],
          "tests": [
            {
              "title": "TC001 - Validate a specific Hair Care product",
              "fullTitle": "Alias and Invoke TC001 - Validate a specific Hair Care product",
              "timedOut": null,
              "duration": 4854,
              "state": "passed",
              "speed": "slow",
              "pass": true,
              "fail": false,
              "pending": false,
              "context": null,
              "code": "//cypress code\ncy.visit(\"https://automationteststore.com/\");\ncy.xpath(\"//*[contains(@href,'product/category&path')]\").contains(\"Hair Care\").click();\ncy.get('.fixed_wrapper .prdocutname').eq(0).invoke('text').as('productThumbnail');\ncy.get('@productThumbnail').its('length').should('be.gt', 5);\ncy.get('@productThumbnail').should('include', 'Seaweed Conditioner');",
              "err": {},
              "uuid": "a50b2855-acf3-440d-a2d5-823592acb96a",
              "parentUUID": "c3cd1aa7-111a-4523-9a3a-2462ec53a8f7",
              "isHook": false,
              "skipped": false
            },
            {
              "title": "TC002 - Count how many products exists on homepage",
              "fullTitle": "Alias and Invoke TC002 - Count how many products exists on homepage",
              "timedOut": null,
              "duration": 1716,
              "state": "passed",
              "speed": "slow",
              "pass": true,
              "fail": false,
              "pending": false,
              "context": null,
              "code": "//cypress code\ncy.visit(\"https://automationteststore.com/\");\ncy.get('.thumbnail').as('productThumbnail');\ncy.get('@productThumbnail').should('have.length', 16);\ncy.get('@productThumbnail').find('.productcart').invoke('attr', 'title').should('include', 'Add to Cart');",
              "err": {},
              "uuid": "aa6460da-6c0b-41ab-bb9f-0d6ba5438b26",
              "parentUUID": "c3cd1aa7-111a-4523-9a3a-2462ec53a8f7",
              "isHook": false,
              "skipped": false
            },
            {
              "title": "TC003 - Calculate total of normal and sale products",
              "fullTitle": "Alias and Invoke TC003 - Calculate total of normal and sale products",
              "timedOut": null,
              "duration": 1274,
              "state": "passed",
              "speed": "slow",
              "pass": true,
              "fail": false,
              "pending": false,
              "context": null,
              "code": "//cypress code\ncy.visit(\"https://automationteststore.com/\");\ncy.get('.thumbnail').as('productThumbnail'); // cy.get('@productThumbnail').find('.oneprice').each(($el, index, $list) => {          \n//     cy.log($el.text())\n// })\ncy.get('.thumbnail').find('.oneprice').invoke('text').as('itemPrice');\ncy.get('.thumbnail').find('.pricenew').invoke('text').as('saleItemPrice');\nvar itemsTotal = 0;\ncy.get('@itemPrice').then($linkText => {\n  //cy.log($linkText)\n  var itemsPriceTotal = 0;\n  var itemPrice = $linkText.split('$'); //console.log('This is my string splited: ' + itemPrice)\n  var i;\n  for (i = 0; i < itemPrice.length; i++) {\n    cy.log(itemPrice[i]);\n    itemsPriceTotal += Number(itemPrice[i]);\n  }\n  itemsTotal += itemsPriceTotal;\n  cy.log(\"Non sale price items total: \" + itemsPriceTotal);\n});\ncy.get('@saleItemPrice').then($linkText => {\n  var saleItemsPriceTotal = 0;\n  var saleItemPrice = $linkText.split('$');\n  var i;\n  for (i = 0; i < saleItemPrice.length; i++) {\n    cy.log(saleItemPrice[i]);\n    saleItemsPriceTotal += Number(saleItemPrice[i]);\n  }\n  itemsTotal += saleItemsPriceTotal;\n  cy.log(\"Sale price items total: \" + saleItemsPriceTotal);\n}).then(() => {\n  cy.log(\"All items total: \" + itemsTotal);\n  expect(itemsTotal).to.equal(663.1);\n}).then(() => {\n  cy.log(\"TERMINOU O MEU TESTE\");\n});",
              "err": {},
              "uuid": "43ea9dcd-5d9d-4839-9c98-100f4764e43d",
              "parentUUID": "c3cd1aa7-111a-4523-9a3a-2462ec53a8f7",
              "isHook": false,
              "skipped": false
            }
          ],
          "suites": [],
          "passes": [
            "a50b2855-acf3-440d-a2d5-823592acb96a",
            "aa6460da-6c0b-41ab-bb9f-0d6ba5438b26",
            "43ea9dcd-5d9d-4839-9c98-100f4764e43d"
          ],
          "failures": [],
          "pending": [],
          "skipped": [],
          "duration": 7844,
          "root": false,
          "rootEmpty": false,
          "_timeout": 2000
        }
      ],
      "passes": [],
      "failures": [],
      "pending": [],
      "skipped": [],
      "duration": 0,
      "root": true,
      "rootEmpty": true,
      "_timeout": 2000
    },
    {
      "uuid": "0b91f7dd-1caa-4da6-8a03-ba0997e6105f",
      "title": "",
      "fullFile": "cypress/integration/automation-test-store/contact-us.js",
      "file": "cypress/integration/automation-test-store/contact-us.js",
      "beforeHooks": [],
      "afterHooks": [],
      "tests": [],
      "suites": [
        {
          "uuid": "6b9b4e7f-672e-4354-894e-3633c95b9c9e",
          "title": "Test Contact Us form via Automation Test Store",
          "fullFile": "",
          "file": "",
          "beforeHooks": [],
          "afterHooks": [],
          "tests": [
            {
              "title": "TC001 - Should be able to submit a successfully submission via contact us form",
              "fullTitle": "Test Contact Us form via Automation Test Store TC001 - Should be able to submit a successfully submission via contact us form",
              "timedOut": null,
              "duration": 7886,
              "state": "passed",
              "speed": "slow",
              "pass": true,
              "fail": false,
              "pending": false,
              "context": null,
              "code": "//cypress code\ncy.visit(\"https://automationteststore.com/\"); //cy.get('.info_links_footer > :nth-child(5) > a').click();\n//cy.xpath('//a[contains(text(),\"Contact Us\")]').click();\ncy.xpath('//a[contains(text(),\"Contact Us\")]').click().then(myLink => {\n  cy.log(\"Clicked on link using text: \" + myLink.text()); //alert(\"The following link was pressed: \" + myLink.text())\n});\ncy.get(\"@user\").then(user => {\n  cy.get('#ContactUsFrm_first_name').type(user.firstName);\n  cy.get('#ContactUsFrm_email').type(user.email);\n});\ncy.get('#ContactUsFrm_email').should('have.attr', 'name', 'email');\ncy.get('#ContactUsFrm_enquiry').type(\"This is a message for testing purpose.\");\ncy.xpath('//*[@title=\"Submit\"]').click();\ncy.get('.mb40 > :nth-child(3)').contains(\"Your enquiry has been successfully sent to the store owner!\");\ncy.get('.mb40 > :nth-child(3)').should(\"have.text\", \"Your enquiry has been successfully sent to the store owner!\");",
              "err": {},
              "uuid": "89d52c1e-c63c-4e14-97db-25e295ddaa6b",
              "parentUUID": "6b9b4e7f-672e-4354-894e-3633c95b9c9e",
              "isHook": false,
              "skipped": false
            }
          ],
          "suites": [],
          "passes": [
            "89d52c1e-c63c-4e14-97db-25e295ddaa6b"
          ],
          "failures": [],
          "pending": [],
          "skipped": [],
          "duration": 7886,
          "root": false,
          "rootEmpty": false,
          "_timeout": 2000
        }
      ],
      "passes": [],
      "failures": [],
      "pending": [],
      "skipped": [],
      "duration": 0,
      "root": true,
      "rootEmpty": true,
      "_timeout": 2000
    },
    {
      "uuid": "91d6961c-46e6-4aab-9394-19f499698db0",
      "title": "",
      "fullFile": "cypress/integration/automation-test-store/inspect-item.js",
      "file": "cypress/integration/automation-test-store/inspect-item.js",
      "beforeHooks": [],
      "afterHooks": [],
      "tests": [],
      "suites": [
        {
          "uuid": "68e4901a-187b-45cc-95aa-9ed2c2b381d6",
          "title": "Inspect Automation Test Store items using chain of commands",
          "fullFile": "",
          "file": "",
          "beforeHooks": [],
          "afterHooks": [],
          "tests": [
            {
              "title": "TC001 - Click on the first item header",
              "fullTitle": "Inspect Automation Test Store items using chain of commands TC001 - Click on the first item header",
              "timedOut": null,
              "duration": 5331,
              "state": "passed",
              "speed": "slow",
              "pass": true,
              "fail": false,
              "pending": false,
              "context": null,
              "code": "//cypress code\ncy.visit(\"https://automationteststore.com/\"); //cy.xpath('//a[contains(text(),\"Contact Us\")]').click()\ncy.get('#block_frame_featured_1769 > .thumbnails > :nth-child(1) > .fixed_wrapper > .fixed > .prdocutname').click();",
              "err": {},
              "uuid": "d193367d-c402-47f2-84ad-8c395a71aed0",
              "parentUUID": "68e4901a-187b-45cc-95aa-9ed2c2b381d6",
              "isHook": false,
              "skipped": false
            },
            {
              "title": "TC002 - Click on the first item text",
              "fullTitle": "Inspect Automation Test Store items using chain of commands TC002 - Click on the first item text",
              "timedOut": null,
              "duration": 1872,
              "state": "passed",
              "speed": "slow",
              "pass": true,
              "fail": false,
              "pending": false,
              "context": null,
              "code": "//cypress code\ncy.visit(\"https://automationteststore.com/\"); //cy.get('.prdocutname').contains('Skinsheen Bronzer Stick').click();\ncy.get('.prdocutname').contains('Skinsheen Bronzer Stick').click().then(itemHeaderText => {\n  console.log(\"Select the following item: \" + itemHeaderText.text());\n});\nconsole.log(\"Test Case successfully executed!\"); //cy.contains('SKINSHEEN BRONZER STICK').click();",
              "err": {},
              "uuid": "55047ff1-905c-4f15-9a6d-72472aa918cb",
              "parentUUID": "68e4901a-187b-45cc-95aa-9ed2c2b381d6",
              "isHook": false,
              "skipped": false
            },
            {
              "title": "TC003 - Click on the first item with XPATH",
              "fullTitle": "Inspect Automation Test Store items using chain of commands TC003 - Click on the first item with XPATH",
              "timedOut": null,
              "duration": 1268,
              "state": "passed",
              "speed": "slow",
              "pass": true,
              "fail": false,
              "pending": false,
              "context": null,
              "code": "//cypress code\ncy.visit(\"https://automationteststore.com/\");\ncy.xpath('//a[contains(text(),\"Skinsheen Bronzer Stick\")]').click();",
              "err": {},
              "uuid": "7e66cfaa-527e-475b-9b2f-9a0493897211",
              "parentUUID": "68e4901a-187b-45cc-95aa-9ed2c2b381d6",
              "isHook": false,
              "skipped": false
            },
            {
              "title": "TC004 - Click on the first item using index",
              "fullTitle": "Inspect Automation Test Store items using chain of commands TC004 - Click on the first item using index",
              "timedOut": null,
              "duration": 1753,
              "state": "passed",
              "speed": "slow",
              "pass": true,
              "fail": false,
              "pending": false,
              "context": null,
              "code": "//cypress code\ncy.visit(\"https://automationteststore.com/\"); //cy.get('.fixed_wrapper').find('.prdocutname').contains('Skinsheen Bronzer Stick').click();\ncy.get('.fixed_wrapper').find('.prdocutname').eq(0).click();\nlet myF = function () {\n  setTimeout(() => {}, timeout);\n};",
              "err": {},
              "uuid": "020987e2-2698-467c-8945-15ca98e79a35",
              "parentUUID": "68e4901a-187b-45cc-95aa-9ed2c2b381d6",
              "isHook": false,
              "skipped": false
            }
          ],
          "suites": [],
          "passes": [
            "d193367d-c402-47f2-84ad-8c395a71aed0",
            "55047ff1-905c-4f15-9a6d-72472aa918cb",
            "7e66cfaa-527e-475b-9b2f-9a0493897211",
            "020987e2-2698-467c-8945-15ca98e79a35"
          ],
          "failures": [],
          "pending": [],
          "skipped": [],
          "duration": 10224,
          "root": false,
          "rootEmpty": false,
          "_timeout": 2000
        }
      ],
      "passes": [],
      "failures": [],
      "pending": [],
      "skipped": [],
      "duration": 0,
      "root": true,
      "rootEmpty": true,
      "_timeout": 2000
    },
    {
      "uuid": "d6a8a7a0-7ad9-4aff-b81b-99f636f17999",
      "title": "",
      "fullFile": "cypress/integration/automation-test-store/iterate-over-elements.js",
      "file": "cypress/integration/automation-test-store/iterate-over-elements.js",
      "beforeHooks": [],
      "afterHooks": [],
      "tests": [],
      "suites": [
        {
          "uuid": "206f5eff-9c2b-4952-986a-523b030800bb",
          "title": "Iterate over elements",
          "fullFile": "",
          "file": "",
          "beforeHooks": [],
          "afterHooks": [],
          "tests": [
            {
              "title": "TC001 - Log information of all hair care products",
              "fullTitle": "Iterate over elements TC001 - Log information of all hair care products",
              "timedOut": null,
              "duration": 3653,
              "state": "passed",
              "speed": "slow",
              "pass": true,
              "fail": false,
              "pending": false,
              "context": null,
              "code": "cy.get('.fixed_wrapper .prdocutname').each(($el, index, $list) => {\n  cy.log(\"Index: \" + index);\n  cy.log(\"Product name: \" + $el.text());\n});",
              "err": {},
              "uuid": "b89156ed-acc0-41bd-a708-cdc9cdd56ced",
              "parentUUID": "206f5eff-9c2b-4952-986a-523b030800bb",
              "isHook": false,
              "skipped": false
            },
            {
              "title": "TC002 - Add specific product to basket",
              "fullTitle": "Iterate over elements TC002 - Add specific product to basket",
              "timedOut": null,
              "duration": 2179,
              "state": "passed",
              "speed": "slow",
              "pass": true,
              "fail": false,
              "pending": false,
              "context": null,
              "code": "// cy.get('.fixed_wrapper .prdocutname').each(($el, index, $list) => {   \n//     if ($el.text() === 'Curls to straight Shampoo') {\n//         // if ($el.text().includes('Curls to straight Shampoo'))\n//         // wrap this element so we can use cypress commands on it\n//         cy.wrap($el).click()\n//     }\n// })\ncy.selectProduct('Curls to straight Shampoo');",
              "err": {},
              "uuid": "f8f83681-30d3-4661-bf8e-59822b5d98b8",
              "parentUUID": "206f5eff-9c2b-4952-986a-523b030800bb",
              "isHook": false,
              "skipped": false
            },
            {
              "title": "TC003 - Add another specific product to basket",
              "fullTitle": "Iterate over elements TC003 - Add another specific product to basket",
              "timedOut": null,
              "duration": 2381,
              "state": "passed",
              "speed": "slow",
              "pass": true,
              "fail": false,
              "pending": false,
              "context": null,
              "code": "cy.selectProduct('Pantene Pro-V Conditioner, Classic Care');",
              "err": {},
              "uuid": "b84b83af-7a40-4894-ba3c-26cf4c36effd",
              "parentUUID": "206f5eff-9c2b-4952-986a-523b030800bb",
              "isHook": false,
              "skipped": false
            },
            {
              "title": "TC004 - Add more another specific product to basket",
              "fullTitle": "Iterate over elements TC004 - Add more another specific product to basket",
              "timedOut": null,
              "duration": 2455,
              "state": "passed",
              "speed": "slow",
              "pass": true,
              "fail": false,
              "pending": false,
              "context": null,
              "code": "cy.selectProduct('Eau Parfumee au The Vert Shampoo');",
              "err": {},
              "uuid": "76931be9-751d-4d6f-b308-e6a2389b50a8",
              "parentUUID": "206f5eff-9c2b-4952-986a-523b030800bb",
              "isHook": false,
              "skipped": false
            }
          ],
          "suites": [],
          "passes": [
            "b89156ed-acc0-41bd-a708-cdc9cdd56ced",
            "f8f83681-30d3-4661-bf8e-59822b5d98b8",
            "b84b83af-7a40-4894-ba3c-26cf4c36effd",
            "76931be9-751d-4d6f-b308-e6a2389b50a8"
          ],
          "failures": [],
          "pending": [],
          "skipped": [],
          "duration": 10668,
          "root": false,
          "rootEmpty": false,
          "_timeout": 2000
        }
      ],
      "passes": [],
      "failures": [],
      "pending": [],
      "skipped": [],
      "duration": 0,
      "root": true,
      "rootEmpty": true,
      "_timeout": 2000
    },
    {
      "uuid": "df2c8d29-2050-4f4c-aec0-fc8adf4a76ef",
      "title": "",
      "fullFile": "cypress/integration/automation-test-store/variables-and-cy-commands.js",
      "file": "cypress/integration/automation-test-store/variables-and-cy-commands.js",
      "beforeHooks": [],
      "afterHooks": [],
      "tests": [],
      "suites": [
        {
          "uuid": "470e6d91-fe3b-4c72-998b-2044dc679b4a",
          "title": "Verifying variables, Cypress commands and JQuery commands",
          "fullFile": "",
          "file": "",
          "beforeHooks": [],
          "afterHooks": [],
          "tests": [
            {
              "title": "TC001 - Navigate to specific product pages",
              "fullTitle": "Verifying variables, Cypress commands and JQuery commands TC001 - Navigate to specific product pages",
              "timedOut": null,
              "duration": 4463,
              "state": "passed",
              "speed": "slow",
              "pass": true,
              "fail": false,
              "pending": false,
              "context": null,
              "code": "//cypress code\ncy.visit(\"https://automationteststore.com/\");\ncy.xpath(\"//*[contains(@href,'product/category&path')]\").contains(\"Makeup\").click(); // Following code will fail\n//const header = cy.get(\"h1 .maintext\");\n//cy.log(header.text);\n// Following code will pass\ncy.get(\"h1 .maintext\").then($headerText => {\n  const headerText = $headerText.text();\n  cy.log(\"Found header text: \" + headerText);\n  expect(headerText).is.eq('Makeup');\n});",
              "err": {},
              "uuid": "fef49008-0720-4713-a6c8-7aff16048c11",
              "parentUUID": "470e6d91-fe3b-4c72-998b-2044dc679b4a",
              "isHook": false,
              "skipped": false
            },
            {
              "title": "TC002 - Navigate to specific product pages - version 2",
              "fullTitle": "Verifying variables, Cypress commands and JQuery commands TC002 - Navigate to specific product pages - version 2",
              "timedOut": null,
              "duration": 1619,
              "state": "passed",
              "speed": "slow",
              "pass": true,
              "fail": false,
              "pending": false,
              "context": null,
              "code": "//cypress code\ncy.visit(\"https://automationteststore.com/\");\ncy.xpath(\"//*[contains(@href,'product/category&path')]\").contains(\"Makeup\").click(); // The following code will fail\n// const header = cy.get(\"h1 .maintext\")\n// cy.log(header.text())\ncy.get(\"h1 .maintext\").then($headerText => {\n  const headerText = $headerText.text();\n  cy.log(\"Found header text: \" + headerText); // assertion to validae header text\n  expect(headerText).is.eq('Makeup');\n});",
              "err": {},
              "uuid": "d3e53a24-dd59-4e82-b230-680855d7005a",
              "parentUUID": "470e6d91-fe3b-4c72-998b-2044dc679b4a",
              "isHook": false,
              "skipped": false
            },
            {
              "title": "TC003 - Validate properties of the Contact Us Page",
              "fullTitle": "Verifying variables, Cypress commands and JQuery commands TC003 - Validate properties of the Contact Us Page",
              "timedOut": null,
              "duration": 734,
              "state": "passed",
              "speed": "slow",
              "pass": true,
              "fail": false,
              "pending": false,
              "context": null,
              "code": "//cypress code\ncy.visit(\"https://automationteststore.com/index.php?rt=content/contact\"); // Uses Cypress commands and chaining\n// The web element with ContactUsFrm id, contains the text \"Contact Us Form\"\ncy.contains('#ContactUsFrm', 'Contact Us Form').find('#field_11').should('contain', 'First name'); // JQuery approach\ncy.contains('#ContactUsFrm', 'Contact Us Form').then(text => {\n  const firstNameText = text.find('#field_11').text();\n  cy.log(\"Assertion: This is the text inside the web element id \\'field_11\\' » \" + firstNameText);\n  expect(firstNameText).to.contain('First name'); // Embedded commands (Closure)\n  cy.get('#field_11').then(fnText => {\n    cy.log(fnText.text());\n    cy.log(fnText);\n  });\n});",
              "err": {},
              "uuid": "3796b784-8d37-42c3-902b-2d11ac4d08f3",
              "parentUUID": "470e6d91-fe3b-4c72-998b-2044dc679b4a",
              "isHook": false,
              "skipped": false
            }
          ],
          "suites": [],
          "passes": [
            "fef49008-0720-4713-a6c8-7aff16048c11",
            "d3e53a24-dd59-4e82-b230-680855d7005a",
            "3796b784-8d37-42c3-902b-2d11ac4d08f3"
          ],
          "failures": [],
          "pending": [],
          "skipped": [],
          "duration": 6816,
          "root": false,
          "rootEmpty": false,
          "_timeout": 2000
        }
      ],
      "passes": [],
      "failures": [],
      "pending": [],
      "skipped": [],
      "duration": 0,
      "root": true,
      "rootEmpty": true,
      "_timeout": 2000
    },
    {
      "uuid": "47d3abc3-4a70-4e77-88c0-b6cc4ed925d3",
      "title": "",
      "fullFile": "cypress/integration/webdriver-uni/autocomplete-dropdown-list.js",
      "file": "cypress/integration/webdriver-uni/autocomplete-dropdown-list.js",
      "beforeHooks": [],
      "afterHooks": [],
      "tests": [],
      "suites": [
        {
          "uuid": "917cd67c-0545-45ff-9676-d8846c00a2ae",
          "title": "Handling with autocomplete dropdown list via webdriveruni",
          "fullFile": "",
          "file": "",
          "beforeHooks": [],
          "afterHooks": [],
          "tests": [
            {
              "title": "TC001 - Select specific product via autocomplete list",
              "fullTitle": "Handling with autocomplete dropdown list via webdriveruni TC001 - Select specific product via autocomplete list",
              "timedOut": null,
              "duration": 8268,
              "state": "passed",
              "speed": "slow",
              "pass": true,
              "fail": false,
              "pending": false,
              "context": null,
              "code": "//cypress code\ncy.visit(\"http://www.webdriveruniversity.com/\");\ncy.get('#autocomplete-textfield').invoke('removeAttr', 'target').click({\n  force: true\n});\ncy.get('#myInput').type('A');\ncy.xpath(\"//*[@id='myInputautocomplete-list']/*\").each(($el, index, $list) => {\n  const prod = $el.text();\n  const productToSelect = 'Avacado'; // cy.log('This is my selected product: ' + prod)\n  if (prod === productToSelect) {\n    $el.click();\n    cy.get('#submit-button').click();\n    cy.url().should('include', productToSelect);\n  }\n}).then(() => {\n  cy.get('#myInput').type('G'); //cy.wait(5000)\n  cy.xpath(\"//*[@id='myInputautocomplete-list']/*\").each(($el, index, $list) => {\n    const prod = $el.text();\n    const productToSelect = 'Grapes';\n    if (prod === productToSelect) {\n      $el.click();\n      cy.get('#submit-button').click();\n      cy.url().should('include', productToSelect);\n      cy.wait(5000);\n    }\n  });\n});",
              "err": {},
              "uuid": "0cdea6db-1cfb-4dad-95a6-0338c840fb97",
              "parentUUID": "917cd67c-0545-45ff-9676-d8846c00a2ae",
              "isHook": false,
              "skipped": false
            }
          ],
          "suites": [],
          "passes": [
            "0cdea6db-1cfb-4dad-95a6-0338c840fb97"
          ],
          "failures": [],
          "pending": [],
          "skipped": [],
          "duration": 8268,
          "root": false,
          "rootEmpty": false,
          "_timeout": 2000
        }
      ],
      "passes": [],
      "failures": [],
      "pending": [],
      "skipped": [],
      "duration": 0,
      "root": true,
      "rootEmpty": true,
      "_timeout": 2000
    },
    {
      "uuid": "a88b55f0-4291-4465-b96e-0c4a41b02f8b",
      "title": "",
      "fullFile": "cypress/integration/webdriver-uni/browser-navigation.js",
      "file": "cypress/integration/webdriver-uni/browser-navigation.js",
      "beforeHooks": [],
      "afterHooks": [],
      "tests": [],
      "suites": [
        {
          "uuid": "38d10a10-a78b-4796-927e-5bcf4d2a1760",
          "title": "Validate webdriveruni homepage links",
          "fullFile": "",
          "file": "",
          "beforeHooks": [],
          "afterHooks": [],
          "tests": [
            {
              "title": "TC001 - Confirm links redirect to the correct pages",
              "fullTitle": "Validate webdriveruni homepage links TC001 - Confirm links redirect to the correct pages",
              "timedOut": null,
              "duration": 8666,
              "state": "passed",
              "speed": "slow",
              "pass": true,
              "fail": false,
              "pending": false,
              "context": null,
              "code": "//cypress code\ncy.visit(\"https://webdriveruniversity.com\");\ncy.get('#contact-us').invoke('removeAttr', 'target').click({\n  force: true\n});\ncy.url().should('include', 'contactus');\ncy.go('back'); //cy.go('forward')\ncy.reload();\ncy.go('forward');\ncy.url().should('include', 'contactus');\ncy.go('back');\ncy.get('#login-portal').invoke('removeAttr', 'target').click({\n  force: true\n});\ncy.url().should('include', 'Login-Portal');\ncy.go('back');\ncy.get('#to-do-list').invoke('removeAttr', 'target').click({\n  force: true\n});\ncy.url().should('include', 'To-Do-List');\ncy.go('back');",
              "err": {},
              "uuid": "bc174d2d-0cf0-49b9-87c2-f30300721cee",
              "parentUUID": "38d10a10-a78b-4796-927e-5bcf4d2a1760",
              "isHook": false,
              "skipped": false
            },
            {
              "title": "TC002 - Validate visiting two different domains via user action",
              "fullTitle": "Validate webdriveruni homepage links TC002 - Validate visiting two different domains via user action",
              "timedOut": null,
              "duration": 516,
              "state": "passed",
              "speed": "slow",
              "pass": true,
              "fail": false,
              "pending": false,
              "context": null,
              "code": "//cypress code\ncy.visit(\"https://webdriveruniversity.com/\");",
              "err": {},
              "uuid": "bf8a5370-0371-4d64-b97a-f58de7a63bc0",
              "parentUUID": "38d10a10-a78b-4796-927e-5bcf4d2a1760",
              "isHook": false,
              "skipped": false
            }
          ],
          "suites": [],
          "passes": [
            "bc174d2d-0cf0-49b9-87c2-f30300721cee",
            "bf8a5370-0371-4d64-b97a-f58de7a63bc0"
          ],
          "failures": [],
          "pending": [],
          "skipped": [],
          "duration": 9182,
          "root": false,
          "rootEmpty": false,
          "_timeout": 2000
        }
      ],
      "passes": [],
      "failures": [],
      "pending": [],
      "skipped": [],
      "duration": 0,
      "root": true,
      "rootEmpty": true,
      "_timeout": 2000
    },
    {
      "uuid": "e8f83d24-d903-4c54-b872-f15d53d9d6ec",
      "title": "",
      "fullFile": "cypress/integration/webdriver-uni/checkboxes.js",
      "file": "cypress/integration/webdriver-uni/checkboxes.js",
      "beforeHooks": [],
      "afterHooks": [],
      "tests": [],
      "suites": [
        {
          "uuid": "94e6a03a-8c2a-4275-b7ae-843673b69db3",
          "title": "Handling with checkboxes",
          "fullFile": "",
          "file": "",
          "beforeHooks": [],
          "afterHooks": [],
          "tests": [
            {
              "title": "TC001 - Check and validate checkbox",
              "fullTitle": "Handling with checkboxes TC001 - Check and validate checkbox",
              "timedOut": null,
              "duration": 881,
              "state": "passed",
              "speed": "slow",
              "pass": true,
              "fail": false,
              "pending": false,
              "context": null,
              "code": "//cy.get('#checkboxes > :nth-child(1) > input').check()\ncy.get('#checkboxes > :nth-child(1) > input').check().should('be.checked'); //cy.get(':nth-child(3) > input').uncheck()\n//cy.get(':nth-child(3) > input').uncheck().should('not.be.checked')\n// With ALIAS\ncy.get('#checkboxes > :nth-child(1) > input').as('option-1');\ncy.get('@option-1').check().should('be.checked');",
              "err": {},
              "uuid": "db3aa272-25ed-4052-b053-c9d5bc6aa83e",
              "parentUUID": "94e6a03a-8c2a-4275-b7ae-843673b69db3",
              "isHook": false,
              "skipped": false
            },
            {
              "title": "TC002 - Uncheck and validate checkbox",
              "fullTitle": "Handling with checkboxes TC002 - Uncheck and validate checkbox",
              "timedOut": null,
              "duration": 551,
              "state": "passed",
              "speed": "slow",
              "pass": true,
              "fail": false,
              "pending": false,
              "context": null,
              "code": "cy.get(':nth-child(5) > input').as('option-3');\ncy.get('@option-3').uncheck().should('not.be.checked');",
              "err": {},
              "uuid": "90cec109-44b3-428c-83f2-78be553c8075",
              "parentUUID": "94e6a03a-8c2a-4275-b7ae-843673b69db3",
              "isHook": false,
              "skipped": false
            },
            {
              "title": "TC003 - Check multiple checkboxs",
              "fullTitle": "Handling with checkboxes TC003 - Check multiple checkboxs",
              "timedOut": null,
              "duration": 769,
              "state": "passed",
              "speed": "slow",
              "pass": true,
              "fail": false,
              "pending": false,
              "context": null,
              "code": "// select multiple checkboxes\ncy.get(\"input[type='checkbox']\").check([\"option-1\", \"option-2\", \"option-3\", \"option-4\"]).should('be.checked');",
              "err": {},
              "uuid": "32f54752-fda2-450d-b324-ca7e9625363e",
              "parentUUID": "94e6a03a-8c2a-4275-b7ae-843673b69db3",
              "isHook": false,
              "skipped": false
            }
          ],
          "suites": [],
          "passes": [
            "db3aa272-25ed-4052-b053-c9d5bc6aa83e",
            "90cec109-44b3-428c-83f2-78be553c8075",
            "32f54752-fda2-450d-b324-ca7e9625363e"
          ],
          "failures": [],
          "pending": [],
          "skipped": [],
          "duration": 2201,
          "root": false,
          "rootEmpty": false,
          "_timeout": 2000
        }
      ],
      "passes": [],
      "failures": [],
      "pending": [],
      "skipped": [],
      "duration": 0,
      "root": true,
      "rootEmpty": true,
      "_timeout": 2000
    },
    {
      "uuid": "2474b6b7-db19-45be-b8f3-cb2bccd47b15",
      "title": "",
      "fullFile": "cypress/integration/webdriver-uni/contact-us.js",
      "file": "cypress/integration/webdriver-uni/contact-us.js",
      "beforeHooks": [],
      "afterHooks": [],
      "tests": [],
      "suites": [
        {
          "uuid": "1421483d-5061-4695-81be-29bacb70d8ac",
          "title": "Test Contact Us form via WebdriverUni",
          "fullFile": "",
          "file": "",
          "beforeHooks": [],
          "afterHooks": [],
          "tests": [
            {
              "title": "TC001 - Should be able to submit a sucessful submission via contact us form",
              "fullTitle": "Test Contact Us form via WebdriverUni TC001 - Should be able to submit a sucessful submission via contact us form",
              "timedOut": null,
              "duration": 4180,
              "state": "passed",
              "speed": "slow",
              "pass": true,
              "fail": false,
              "pending": false,
              "context": null,
              "code": "//cy.document().should(\"have.property\", \"charset\").and(\"eq\", \"UTF-8\")\ncy.document().should('have.property', 'charset', 'UTF-8');\ncy.title().should('eql', 'WebDriver | Contact Us');\ncy.url().should('include', 'contactus'); //cy.get('#contact-us > .thumbnail').click()\n//cy.get('#contact-us').click({ log: false })\n// cy.get('[name=\"first_name\"]').type(data.firstName)\n// cy.get('[name=\"last_name\"]').type(data.lastName)\n// cy.get('[name=\"email\"]').type('john.doe@mail.com')\n// cy.get('textarea.feedback-input').type('This is my comment inside comments area.')\n// cy.get('[type=\"submit\"]').click()\n// cy.get('h1').should('have.text', 'Thank You for your Message!')\n// cy.webdriverUni_ContactForm_Submission(\n//     data.firstName, \n//     data.lastName, \n//     data.email, \n//     'This is my comment inside comments area.', \n//     'h1', \n//     'Thank You for your Message!')\n// solution with env variables\n// cy.webdriverUni_ContactForm_Submission(\n//     Cypress.env(\"first_name\"), \n//     data.lastName, \n//     data.email, \n//     'This is my comment inside comments area.', \n//     'h1', \n//     'Thank You for your Message!')\n//cy.get('h1').contains('Thank You for your Message!')\n// Solution with page object approach\ncontact_Us_PO.contactForm_Submission(Cypress.env(\"first_name\"), data.lastName, data.email, 'This is my comment inside comments area.', 'h1', 'Thank You for your Message!');",
              "err": {},
              "uuid": "8e0adba5-765c-436b-8053-0391ed56130c",
              "parentUUID": "1421483d-5061-4695-81be-29bacb70d8ac",
              "isHook": false,
              "skipped": false
            },
            {
              "title": "TC002 - Should not be able to submit a sucessful submission via contact us form as all fields are required",
              "fullTitle": "Test Contact Us form via WebdriverUni TC002 - Should not be able to submit a sucessful submission via contact us form as all fields are required",
              "timedOut": null,
              "duration": 2075,
              "state": "passed",
              "speed": "slow",
              "pass": true,
              "fail": false,
              "pending": false,
              "context": null,
              "code": "// cy.get('[name=\"first_name\"]').type('John')\n// cy.get('[name=\"last_name\"]').type('Doe')\n// cy.get('textarea.feedback-input').type('This is my comment inside comments area.')\n// cy.get('[type=\"submit\"]').click()\n// cy.get('body').contains('all fields are required').contains('Invalid email address')\n// cy.webdriverUni_ContactForm_Submission(\n//     data.firstName, \n//     data.lastName, \n//     \" \", \n//     'This is my comment inside comments area.', \n//     'body', \n//     'Invalid email address')\n//cy.contains('body', 'Invalid')\n// Solution with page object approach\ncontact_Us_PO.contactForm_Submission(data.firstName, data.lastName, \" \", 'This is my comment inside comments area.', 'body', 'Invalid email address');",
              "err": {},
              "uuid": "971988f0-63cb-48d3-933d-ebcbe808e941",
              "parentUUID": "1421483d-5061-4695-81be-29bacb70d8ac",
              "isHook": false,
              "skipped": false
            }
          ],
          "suites": [],
          "passes": [
            "8e0adba5-765c-436b-8053-0391ed56130c",
            "971988f0-63cb-48d3-933d-ebcbe808e941"
          ],
          "failures": [],
          "pending": [],
          "skipped": [],
          "duration": 6255,
          "root": false,
          "rootEmpty": false,
          "_timeout": 2000
        }
      ],
      "passes": [],
      "failures": [],
      "pending": [],
      "skipped": [],
      "duration": 0,
      "root": true,
      "rootEmpty": true,
      "_timeout": 2000
    },
    {
      "uuid": "9741a335-e093-4340-a3ca-a35261149804",
      "title": "",
      "fullFile": "cypress/integration/webdriver-uni/data-tables.js",
      "file": "cypress/integration/webdriver-uni/data-tables.js",
      "beforeHooks": [],
      "afterHooks": [],
      "tests": [],
      "suites": [
        {
          "uuid": "537cf18c-24ad-4315-a358-e0e9bd1c2fb9",
          "title": "Handling data via webdriveruni",
          "fullFile": "",
          "file": "",
          "beforeHooks": [],
          "afterHooks": [],
          "tests": [
            {
              "title": "Calculate and assert the total age of all users",
              "fullTitle": "Handling data via webdriveruni Calculate and assert the total age of all users",
              "timedOut": null,
              "duration": 3369,
              "state": "passed",
              "speed": "slow",
              "pass": true,
              "fail": false,
              "pending": false,
              "context": null,
              "code": "var userDetails = [];\nlet numb = 0;\ncy.get('#thumbnail-1 td').each(($el, index, $list) => {\n  userDetails[index] = $el.text();\n}).then(() => {\n  var i;\n  for (i = 0; i < userDetails.length; i++) {\n    if (Number(userDetails[i])) {\n      numb += Number(userDetails[i]);\n    }\n  }\n  cy.log(\"Total AGE: \" + numb);\n  expect(numb).to.eq(322);\n});",
              "err": {},
              "uuid": "65a3e7fb-7bdc-4575-9bc8-8c49c2bdac53",
              "parentUUID": "537cf18c-24ad-4315-a358-e0e9bd1c2fb9",
              "isHook": false,
              "skipped": false
            },
            {
              "title": "Calculate and assert the age of a given user based on last name",
              "fullTitle": "Handling data via webdriveruni Calculate and assert the age of a given user based on last name",
              "timedOut": null,
              "duration": 666,
              "state": "passed",
              "speed": "slow",
              "pass": true,
              "fail": false,
              "pending": false,
              "context": null,
              "code": "cy.get('#thumbnail-1 tr td:nth-child(2)').each(($el, index, $list) => {\n  const text = $el.text();\n  if (text.includes(\"Woods\")) {\n    cy.get('#thumbnail-1 tr td:nth-child(2)').eq(index).next().then(age => {\n      const userAge = age.text();\n      cy.log(\"AGE is \" + userAge);\n      expect(userAge).to.equal(\"80\");\n    });\n  }\n});",
              "err": {},
              "uuid": "c49433d0-2222-423f-9c86-2c0b5916d807",
              "parentUUID": "537cf18c-24ad-4315-a358-e0e9bd1c2fb9",
              "isHook": false,
              "skipped": false
            }
          ],
          "suites": [],
          "passes": [
            "65a3e7fb-7bdc-4575-9bc8-8c49c2bdac53",
            "c49433d0-2222-423f-9c86-2c0b5916d807"
          ],
          "failures": [],
          "pending": [],
          "skipped": [],
          "duration": 4035,
          "root": false,
          "rootEmpty": false,
          "_timeout": 2000
        }
      ],
      "passes": [],
      "failures": [],
      "pending": [],
      "skipped": [],
      "duration": 0,
      "root": true,
      "rootEmpty": true,
      "_timeout": 2000
    },
    {
      "uuid": "0d3fdcd9-f5b0-4d84-a812-545f08930678",
      "title": "",
      "fullFile": "cypress/integration/webdriver-uni/datepicker.js",
      "file": "cypress/integration/webdriver-uni/datepicker.js",
      "beforeHooks": [],
      "afterHooks": [],
      "tests": [],
      "suites": [
        {
          "uuid": "731279b2-8ca9-4430-89c6-a2ac7ca362a9",
          "title": "Handling with Datepickers",
          "fullFile": "",
          "file": "",
          "beforeHooks": [],
          "afterHooks": [],
          "tests": [
            {
              "title": "TC001 - Select date from datepicker",
              "fullTitle": "Handling with Datepickers TC001 - Select date from datepicker",
              "timedOut": null,
              "duration": 5382,
              "state": "passed",
              "speed": "slow",
              "pass": true,
              "fail": false,
              "pending": false,
              "context": null,
              "code": "//cypress code\ncy.visit(\"http://www.webdriveruniversity.com/\");\ncy.get('#datepicker').invoke('removeAttr', 'target').click({\n  force: true\n});\ncy.get('#datepicker').click(); // let date = new Date();\n// date.setDate(date.getDate()); // get the current day\n// cy.log(date.getDate());\n// //let date = new Date();\n// date.setDate(date.getDate() + 5); // get the current day + 5\n// cy.log(date.getDate());\n// variável 'date' vai ser utilizada mais abaixo para localizar o dia, o mês e o ano atuais\nvar date = new Date();\ndate.setDate(date.getDate() + 365); // get the current year\nvar futureYear = date.getFullYear(); // correctly format the month\nvar futureMonth = date.toLocaleString(\"default\", {\n  month: \"long\"\n});\nvar futureDay = date.getDate();\ncy.log(\"Future year to select: \" + futureYear);\ncy.log(\"Future month to select: \" + futureMonth);\ncy.log(\"Future day to select: \" + futureDay);\nfunction selectMonthAndYear() {\n  cy.get('.datepicker-dropdown').find('.datepicker-switch').first().then(currentDate => {\n    if (!currentDate.text().includes(futureYear)) {\n      cy.get('.next').first().click();\n      selectMonthAndYear();\n    }\n  }).then(() => {\n    cy.get('.datepicker-dropdown').find('.datepicker-switch').first().then(currentDate => {\n      if (!currentDate.text().includes(futureMonth)) {\n        cy.get('.next').first().click();\n        selectMonthAndYear();\n      }\n    });\n  });\n}\nfunction selectFutureDay() {\n  cy.get('[class=\"day\"]').contains(futureDay).click();\n}\nselectMonthAndYear();\nselectFutureDay();",
              "err": {},
              "uuid": "1455051d-90cf-40b9-ab2f-94382102c7ac",
              "parentUUID": "731279b2-8ca9-4430-89c6-a2ac7ca362a9",
              "isHook": false,
              "skipped": false
            }
          ],
          "suites": [],
          "passes": [
            "1455051d-90cf-40b9-ab2f-94382102c7ac"
          ],
          "failures": [],
          "pending": [],
          "skipped": [],
          "duration": 5382,
          "root": false,
          "rootEmpty": false,
          "_timeout": 2000
        }
      ],
      "passes": [],
      "failures": [],
      "pending": [],
      "skipped": [],
      "duration": 0,
      "root": true,
      "rootEmpty": true,
      "_timeout": 2000
    },
    {
      "uuid": "46c3950f-eb5a-4d5e-8f01-7cf6f8d84da9",
      "title": "",
      "fullFile": "cypress/integration/webdriver-uni/file-upload.js",
      "file": "cypress/integration/webdriver-uni/file-upload.js",
      "beforeHooks": [],
      "afterHooks": [],
      "tests": [],
      "suites": [
        {
          "uuid": "be986762-bc25-4419-92a3-b43942d6883e",
          "title": "Test file upload via webdriveruni",
          "fullFile": "",
          "file": "",
          "beforeHooks": [],
          "afterHooks": [],
          "tests": [
            {
              "title": "TC001 - Upload a file",
              "fullTitle": "Test file upload via webdriveruni TC001 - Upload a file",
              "timedOut": null,
              "duration": 2346,
              "state": "passed",
              "speed": "slow",
              "pass": true,
              "fail": false,
              "pending": false,
              "context": null,
              "code": "//cypress code\ncy.visit(\"http://www.webdriveruniversity.com/\");\ncy.get('#file-upload').invoke('removeAttr', 'target').click({\n  force: true\n});\ncy.fixture(\"laptop.png\", \"base64\").then(fileContent => {\n  cy.get('#myFile').attachFile({\n    fileContent,\n    fileName: \"laptop.png\",\n    mimeType: \"image/png\"\n  }, {\n    uploadType: \"input\"\n  });\n});\ncy.get('#submit-button').click();",
              "err": {},
              "uuid": "4d5ae5b4-de89-4dda-b530-094a67888830",
              "parentUUID": "be986762-bc25-4419-92a3-b43942d6883e",
              "isHook": false,
              "skipped": false
            },
            {
              "title": "TC002 - Upload no file",
              "fullTitle": "Test file upload via webdriveruni TC002 - Upload no file",
              "timedOut": null,
              "duration": 769,
              "state": "passed",
              "speed": "slow",
              "pass": true,
              "fail": false,
              "pending": false,
              "context": null,
              "code": "//cypress code\ncy.visit(\"http://www.webdriveruniversity.com/\");\ncy.get('#file-upload').invoke('removeAttr', 'target').click({\n  force: true\n});\ncy.get('#submit-button').click();",
              "err": {},
              "uuid": "57f3b3a3-2161-416d-ac14-36b9842d7510",
              "parentUUID": "be986762-bc25-4419-92a3-b43942d6883e",
              "isHook": false,
              "skipped": false
            }
          ],
          "suites": [],
          "passes": [
            "4d5ae5b4-de89-4dda-b530-094a67888830",
            "57f3b3a3-2161-416d-ac14-36b9842d7510"
          ],
          "failures": [],
          "pending": [],
          "skipped": [],
          "duration": 3115,
          "root": false,
          "rootEmpty": false,
          "_timeout": 2000
        }
      ],
      "passes": [],
      "failures": [],
      "pending": [],
      "skipped": [],
      "duration": 0,
      "root": true,
      "rootEmpty": true,
      "_timeout": 2000
    },
    {
      "uuid": "e4a85a85-45dc-4a99-a197-27979ecc60f5",
      "title": "",
      "fullFile": "cypress/integration/webdriver-uni/iframe.js",
      "file": "cypress/integration/webdriver-uni/iframe.js",
      "beforeHooks": [],
      "afterHooks": [],
      "tests": [],
      "suites": [
        {
          "uuid": "1766d3d1-701e-41d0-93a6-5d34a9433638",
          "title": "Handling with iframes & modals",
          "fullFile": "",
          "file": "",
          "beforeHooks": [],
          "afterHooks": [],
          "tests": [
            {
              "title": "TC001 - Handle webdriveruni iframe modal",
              "fullTitle": "Handling with iframes & modals TC001 - Handle webdriveruni iframe modal",
              "timedOut": null,
              "duration": 2097,
              "state": "passed",
              "speed": "slow",
              "pass": true,
              "fail": false,
              "pending": false,
              "context": null,
              "code": "//cypress code\ncy.visit(\"http://www.webdriveruniversity.com/\");\ncy.get('#iframe').invoke('removeAttr', 'target').click({\n  force: true\n});\ncy.get('#frame').then($iframe => {\n  // Grab the body content\n  const body = $iframe.contents().find('body'); // wrap the body const to be manipulated with cypress commands and define an alias\n  cy.wrap(body).as('iframe');\n});\ncy.get('@iframe').find('#button-find-out-more').click();\ncy.get('@iframe').find('#myModal').as('modal');\ncy.get('@modal').should($expectedText => {\n  const text = $expectedText.text();\n  console.log(text);\n  expect(text).to.include('Welcome to webdriveruniversity.com we sell a wide range of electrical goods such as laptops');\n});\ncy.get('@modal').contains('Close').click();",
              "err": {},
              "uuid": "e6553fa4-1c0d-4ccb-9e27-67dafdcb8a33",
              "parentUUID": "1766d3d1-701e-41d0-93a6-5d34a9433638",
              "isHook": false,
              "skipped": false
            }
          ],
          "suites": [],
          "passes": [
            "e6553fa4-1c0d-4ccb-9e27-67dafdcb8a33"
          ],
          "failures": [],
          "pending": [],
          "skipped": [],
          "duration": 2097,
          "root": false,
          "rootEmpty": false,
          "_timeout": 2000
        }
      ],
      "passes": [],
      "failures": [],
      "pending": [],
      "skipped": [],
      "duration": 0,
      "root": true,
      "rootEmpty": true,
      "_timeout": 2000
    },
    {
      "uuid": "0fdfc9be-bbab-4cf5-8106-8df4b7120cb4",
      "title": "",
      "fullFile": "cypress/integration/webdriver-uni/js-alerts.js",
      "file": "cypress/integration/webdriver-uni/js-alerts.js",
      "beforeHooks": [],
      "afterHooks": [],
      "tests": [],
      "suites": [
        {
          "uuid": "fe381f5b-d58b-459b-a368-fd6ed5f49356",
          "title": "Handle js alerts",
          "fullFile": "",
          "file": "",
          "beforeHooks": [],
          "afterHooks": [],
          "tests": [
            {
              "title": "TC001 - Confirm js alert contains the correct text",
              "fullTitle": "Handle js alerts TC001 - Confirm js alert contains the correct text",
              "timedOut": null,
              "duration": 1397,
              "state": "passed",
              "speed": "slow",
              "pass": true,
              "fail": false,
              "pending": false,
              "context": null,
              "code": "//cypress code\ncy.visit(\"http://www.webdriveruniversity.com/\"); // cy.get('#popup-alerts > .thumbnail > .section-title > h1')\ncy.xpath('//*[@id=\"popup-alerts\"]').invoke('removeAttr', 'target').click({\n  force: true\n}); // Press the button\ncy.get('#button1').click(); // Collect the message available under alert\ncy.on('window:alert', str => {\n  expect(str).to.equal('I am an alert box!');\n});",
              "err": {},
              "uuid": "3ef23da4-8aec-44d2-923c-5765c38491d4",
              "parentUUID": "fe381f5b-d58b-459b-a368-fd6ed5f49356",
              "isHook": false,
              "skipped": false
            },
            {
              "title": "TC002 - Validate js confirm alert box work correctly when clicking ok",
              "fullTitle": "Handle js alerts TC002 - Validate js confirm alert box work correctly when clicking ok",
              "timedOut": null,
              "duration": 723,
              "state": "passed",
              "speed": "slow",
              "pass": true,
              "fail": false,
              "pending": false,
              "context": null,
              "code": "//cypress code\ncy.visit(\"http://www.webdriveruniversity.com/\"); // cy.get('#popup-alerts > .thumbnail > .section-title > h1')\ncy.xpath('//*[@id=\"popup-alerts\"]').invoke('removeAttr', 'target').click({\n  force: true\n}); // Press the button\ncy.get('#button4').click(); // Press OK under confirmation window\ncy.on('window:confirm', str => {\n  return true;\n});\ncy.get('#confirm-alert-text').contains('You pressed OK!');",
              "err": {},
              "uuid": "ce62fbd6-a077-4db7-b2bf-f0035a907091",
              "parentUUID": "fe381f5b-d58b-459b-a368-fd6ed5f49356",
              "isHook": false,
              "skipped": false
            },
            {
              "title": "TC003 - Validate js confirm alert box work correctly when clicking cancel",
              "fullTitle": "Handle js alerts TC003 - Validate js confirm alert box work correctly when clicking cancel",
              "timedOut": null,
              "duration": 654,
              "state": "passed",
              "speed": "slow",
              "pass": true,
              "fail": false,
              "pending": false,
              "context": null,
              "code": "//cypress code\ncy.visit(\"http://www.webdriveruniversity.com/\"); // cy.get('#popup-alerts > .thumbnail > .section-title > h1')\ncy.xpath('//*[@id=\"popup-alerts\"]').invoke('removeAttr', 'target').click({\n  force: true\n}); // Press the button\ncy.get('#button4').click(); // Collect the message available under alert\ncy.on('window:confirm', str => {\n  return false;\n});\ncy.get('#confirm-alert-text').contains('You pressed Cancel!');",
              "err": {},
              "uuid": "3822e069-c1ed-476b-9d3f-0db516f10dbc",
              "parentUUID": "fe381f5b-d58b-459b-a368-fd6ed5f49356",
              "isHook": false,
              "skipped": false
            },
            {
              "title": "TC004 - Validate js confirm alert box using a stub",
              "fullTitle": "Handle js alerts TC004 - Validate js confirm alert box using a stub",
              "timedOut": null,
              "duration": 638,
              "state": "passed",
              "speed": "slow",
              "pass": true,
              "fail": false,
              "pending": false,
              "context": null,
              "code": "//cypress code\ncy.visit(\"http://www.webdriveruniversity.com/\"); // cy.get('#popup-alerts > .thumbnail > .section-title > h1')\ncy.xpath('//*[@id=\"popup-alerts\"]').invoke('removeAttr', 'target').click({\n  force: true\n}); // Create a STUB variable\nconst stub = cy.stub(); // Link the stub with the confirm\ncy.on('window:confirm', stub); // Press the button\ncy.get('#button4').click().then(() => {\n  expect(stub.getCall(0)).to.be.calledWith('Press a button!');\n}).then(() => {\n  true;\n}).then(() => {\n  cy.get('#confirm-alert-text').contains('You pressed OK!');\n});",
              "err": {},
              "uuid": "6b30e3a3-64ef-4875-a2cb-da3194f4f3cc",
              "parentUUID": "fe381f5b-d58b-459b-a368-fd6ed5f49356",
              "isHook": false,
              "skipped": false
            }
          ],
          "suites": [],
          "passes": [
            "3ef23da4-8aec-44d2-923c-5765c38491d4",
            "ce62fbd6-a077-4db7-b2bf-f0035a907091",
            "3822e069-c1ed-476b-9d3f-0db516f10dbc",
            "6b30e3a3-64ef-4875-a2cb-da3194f4f3cc"
          ],
          "failures": [],
          "pending": [],
          "skipped": [],
          "duration": 3412,
          "root": false,
          "rootEmpty": false,
          "_timeout": 2000
        }
      ],
      "passes": [],
      "failures": [],
      "pending": [],
      "skipped": [],
      "duration": 0,
      "root": true,
      "rootEmpty": true,
      "_timeout": 2000
    },
    {
      "uuid": "b7f7e38d-b999-4270-827d-c3e9cb479fa8",
      "title": "",
      "fullFile": "cypress/integration/webdriver-uni/mouse-actions.js",
      "file": "cypress/integration/webdriver-uni/mouse-actions.js",
      "beforeHooks": [],
      "afterHooks": [],
      "tests": [],
      "suites": [
        {
          "uuid": "bb5a10b7-924d-4bb1-8941-183c9e58f882",
          "title": "Test mouse actions via webdriveruni",
          "fullFile": "",
          "file": "",
          "beforeHooks": [],
          "afterHooks": [],
          "tests": [
            {
              "title": "TC001 - Scroll element into view",
              "fullTitle": "Test mouse actions via webdriveruni TC001 - Scroll element into view",
              "timedOut": null,
              "duration": 1932,
              "state": "passed",
              "speed": "slow",
              "pass": true,
              "fail": false,
              "pending": false,
              "context": null,
              "code": "//cypress code\ncy.visit(\"http://www.webdriveruniversity.com/\");\ncy.get('#actions').scrollIntoView().invoke('removeAttr', 'target').click({\n  force: true\n});",
              "err": {},
              "uuid": "587320d8-ef2a-4046-bd02-01648e68f5e0",
              "parentUUID": "bb5a10b7-924d-4bb1-8941-183c9e58f882",
              "isHook": false,
              "skipped": false
            },
            {
              "title": "TC002 - I should be able to drag and drop a draggable item",
              "fullTitle": "Test mouse actions via webdriveruni TC002 - I should be able to drag and drop a draggable item",
              "timedOut": null,
              "duration": 714,
              "state": "passed",
              "speed": "slow",
              "pass": true,
              "fail": false,
              "pending": false,
              "context": null,
              "code": "//cypress code\ncy.visit(\"http://www.webdriveruniversity.com/\");\ncy.get('#actions').scrollIntoView().invoke('removeAttr', 'target').click({\n  force: true\n});\ncy.get('#draggable').trigger('mousedown', {\n  which: 1\n});\ncy.get('#droppable').trigger('mousemove').trigger('mouseup', {\n  force: true\n});",
              "err": {},
              "uuid": "2b36f91f-ab6b-4690-9893-b2627cfed400",
              "parentUUID": "bb5a10b7-924d-4bb1-8941-183c9e58f882",
              "isHook": false,
              "skipped": false
            },
            {
              "title": "TC003 - Double click an item",
              "fullTitle": "Test mouse actions via webdriveruni TC003 - Double click an item",
              "timedOut": null,
              "duration": 696,
              "state": "passed",
              "speed": "slow",
              "pass": true,
              "fail": false,
              "pending": false,
              "context": null,
              "code": "//cypress code\ncy.visit(\"http://www.webdriveruniversity.com/\");\ncy.get('#actions').scrollIntoView().invoke('removeAttr', 'target').click({\n  force: true\n});\ncy.get('#double-click').dblclick();",
              "err": {},
              "uuid": "c5b795d8-a9d8-4e73-8522-961832a1fde3",
              "parentUUID": "bb5a10b7-924d-4bb1-8941-183c9e58f882",
              "isHook": false,
              "skipped": false
            },
            {
              "title": "TC004 - I should be able hold down the left mouse click button on a given element",
              "fullTitle": "Test mouse actions via webdriveruni TC004 - I should be able hold down the left mouse click button on a given element",
              "timedOut": null,
              "duration": 623,
              "state": "passed",
              "speed": "slow",
              "pass": true,
              "fail": false,
              "pending": false,
              "context": null,
              "code": "//cypress code\ncy.visit(\"http://www.webdriveruniversity.com/\");\ncy.get('#actions').scrollIntoView().invoke('removeAttr', 'target').click({\n  force: true\n}); // Pressionar o botão esquerdo do rato    \ncy.get('#click-box').trigger('mousedown', {\n  whick: 1\n}).then($element => {\n  // validar a cor do background do elemento web\n  expect($element).to.have.css('background-color', 'rgb(0, 255, 0)');\n});",
              "err": {},
              "uuid": "7065be0a-0cba-4c6c-9da6-8946b774ce92",
              "parentUUID": "bb5a10b7-924d-4bb1-8941-183c9e58f882",
              "isHook": false,
              "skipped": false
            }
          ],
          "suites": [],
          "passes": [
            "587320d8-ef2a-4046-bd02-01648e68f5e0",
            "2b36f91f-ab6b-4690-9893-b2627cfed400",
            "c5b795d8-a9d8-4e73-8522-961832a1fde3",
            "7065be0a-0cba-4c6c-9da6-8946b774ce92"
          ],
          "failures": [],
          "pending": [],
          "skipped": [],
          "duration": 3965,
          "root": false,
          "rootEmpty": false,
          "_timeout": 2000
        }
      ],
      "passes": [],
      "failures": [],
      "pending": [],
      "skipped": [],
      "duration": 0,
      "root": true,
      "rootEmpty": true,
      "_timeout": 2000
    },
    {
      "uuid": "8a3e31d1-05c4-4727-804b-1a95615721fc",
      "title": "",
      "fullFile": "cypress/integration/webdriver-uni/radio-buttons.js",
      "file": "cypress/integration/webdriver-uni/radio-buttons.js",
      "beforeHooks": [],
      "afterHooks": [],
      "tests": [],
      "suites": [
        {
          "uuid": "7c6fe215-09de-404e-b311-ac73557f803e",
          "title": "Handling with radio buttons via webdriveruni",
          "fullFile": "",
          "file": "",
          "beforeHooks": [],
          "afterHooks": [],
          "tests": [
            {
              "title": "TC001 - Check specific radio buttons",
              "fullTitle": "Handling with radio buttons via webdriveruni TC001 - Check specific radio buttons",
              "timedOut": null,
              "duration": 1957,
              "state": "passed",
              "speed": "slow",
              "pass": true,
              "fail": false,
              "pending": false,
              "context": null,
              "code": "cy.get('#radio-buttons').find(\"[type='radio']\").first().check();\ncy.get('#radio-buttons').find(\"[type='radio']\").eq(1).check();",
              "err": {},
              "uuid": "dd5b43a8-cf4f-469d-80c4-5c805049d87a",
              "parentUUID": "7c6fe215-09de-404e-b311-ac73557f803e",
              "isHook": false,
              "skipped": false
            },
            {
              "title": "TC002 - Validate the states of specific radio buttons",
              "fullTitle": "Handling with radio buttons via webdriveruni TC002 - Validate the states of specific radio buttons",
              "timedOut": null,
              "duration": 49,
              "state": "passed",
              "speed": "medium",
              "pass": true,
              "fail": false,
              "pending": false,
              "context": null,
              "code": "// Assertions to validate radio buttons status\ncy.get('[value=\"lettuce\"]').should('not.be.checked');\ncy.get('[value=\"cabbage\"]').should('be.disabled');\ncy.get('[value=\"pumpkin\"]').should('be.checked');",
              "err": {},
              "uuid": "4a55f407-7e05-41b1-896f-5b1b56d5f7ab",
              "parentUUID": "7c6fe215-09de-404e-b311-ac73557f803e",
              "isHook": false,
              "skipped": false
            }
          ],
          "suites": [],
          "passes": [
            "dd5b43a8-cf4f-469d-80c4-5c805049d87a",
            "4a55f407-7e05-41b1-896f-5b1b56d5f7ab"
          ],
          "failures": [],
          "pending": [],
          "skipped": [],
          "duration": 2006,
          "root": false,
          "rootEmpty": false,
          "_timeout": 2000
        }
      ],
      "passes": [],
      "failures": [],
      "pending": [],
      "skipped": [],
      "duration": 0,
      "root": true,
      "rootEmpty": true,
      "_timeout": 2000
    },
    {
      "uuid": "93b8f7df-b4bc-42e2-9cbe-65e0826d23ac",
      "title": "",
      "fullFile": "cypress/integration/webdriver-uni/select-dropdown-list.js",
      "file": "cypress/integration/webdriver-uni/select-dropdown-list.js",
      "beforeHooks": [],
      "afterHooks": [],
      "tests": [],
      "suites": [
        {
          "uuid": "3a6d02c6-3a0b-4f2d-affa-31f9a474ef50",
          "title": "Handling with dropdown list via webdriveruni",
          "fullFile": "",
          "file": "",
          "beforeHooks": [],
          "afterHooks": [],
          "tests": [
            {
              "title": "TC001 - Select specific values via select dropdown lists",
              "fullTitle": "Handling with dropdown list via webdriveruni TC001 - Select specific values via select dropdown lists",
              "timedOut": null,
              "duration": 1305,
              "state": "passed",
              "speed": "slow",
              "pass": true,
              "fail": false,
              "pending": false,
              "context": null,
              "code": "//cypress code\ncy.visit(\"http://www.webdriveruniversity.com/\");\ncy.get('#dropdown-checkboxes-radiobuttons').invoke('removeAttr', 'target').click({\n  force: true\n});\ncy.get('#dropdowm-menu-1').select('C#');\ncy.get('#dropdowm-menu-2').select('Maven').should('have.value', 'maven');\ncy.get('#dropdowm-menu-3').select('CSS').contains('CSS');",
              "err": {},
              "uuid": "c6fdb3ac-879f-4be9-b310-a69cb60f4b06",
              "parentUUID": "3a6d02c6-3a0b-4f2d-affa-31f9a474ef50",
              "isHook": false,
              "skipped": false
            },
            {
              "title": "TC002 - Select Maven through value",
              "fullTitle": "Handling with dropdown list via webdriveruni TC002 - Select Maven through value",
              "timedOut": null,
              "duration": 610,
              "state": "passed",
              "speed": "slow",
              "pass": true,
              "fail": false,
              "pending": false,
              "context": null,
              "code": "//cypress code\ncy.visit(\"http://www.webdriveruniversity.com/\");\ncy.get('#dropdown-checkboxes-radiobuttons').invoke('removeAttr', 'target').click({\n  force: true\n});\ncy.get('#dropdowm-menu-2').select('Maven').should('have.value', 'maven');",
              "err": {},
              "uuid": "5db8e3f8-b8a0-4aa1-a29c-7982bde168fc",
              "parentUUID": "3a6d02c6-3a0b-4f2d-affa-31f9a474ef50",
              "isHook": false,
              "skipped": false
            },
            {
              "title": "TC003 - Select TestNG through text",
              "fullTitle": "Handling with dropdown list via webdriveruni TC003 - Select TestNG through text",
              "timedOut": null,
              "duration": 620,
              "state": "passed",
              "speed": "slow",
              "pass": true,
              "fail": false,
              "pending": false,
              "context": null,
              "code": "//cypress code\ncy.visit(\"http://www.webdriveruniversity.com/\");\ncy.get('#dropdown-checkboxes-radiobuttons').invoke('removeAttr', 'target').click({\n  force: true\n});\ncy.get('#dropdowm-menu-2').select('TestNG').contains('TestNG');",
              "err": {},
              "uuid": "c471e619-aad4-431b-9e98-2b72c921d07c",
              "parentUUID": "3a6d02c6-3a0b-4f2d-affa-31f9a474ef50",
              "isHook": false,
              "skipped": false
            }
          ],
          "suites": [],
          "passes": [
            "c6fdb3ac-879f-4be9-b310-a69cb60f4b06",
            "5db8e3f8-b8a0-4aa1-a29c-7982bde168fc",
            "c471e619-aad4-431b-9e98-2b72c921d07c"
          ],
          "failures": [],
          "pending": [],
          "skipped": [],
          "duration": 2535,
          "root": false,
          "rootEmpty": false,
          "_timeout": 2000
        }
      ],
      "passes": [],
      "failures": [],
      "pending": [],
      "skipped": [],
      "duration": 0,
      "root": true,
      "rootEmpty": true,
      "_timeout": 2000
    },
    {
      "uuid": "08662559-440d-4a51-a907-97d941328ac2",
      "title": "",
      "fullFile": "cypress/integration/webdriver-uni/selectors.js",
      "file": "cypress/integration/webdriver-uni/selectors.js",
      "beforeHooks": [],
      "afterHooks": [],
      "tests": [],
      "suites": [
        {
          "uuid": "0d882273-f813-42dd-87b2-e3bb2797c570",
          "title": "Selector examples",
          "fullFile": "",
          "file": "",
          "beforeHooks": [],
          "afterHooks": [],
          "tests": [
            {
              "title": "Examples of Selectors via WebdriverUni Contact Us Page",
              "fullTitle": "Selector examples Examples of Selectors via WebdriverUni Contact Us Page",
              "timedOut": null,
              "duration": 414,
              "state": "passed",
              "speed": "slow",
              "pass": true,
              "fail": false,
              "pending": false,
              "context": null,
              "code": "cy.visit(\"http://www.webdriveruniversity.com/Contact-Us/contactus.html\"); //By tag name\ncy.get(\"input\"); //By attribute name and value\ncy.get(\"input[name='first_name']\"); //By id\ncy.get(\"#contact_me\"); //By class\ncy.get(\".feedback-input\"); //By multiple classes\ncy.get(\"[class='navbar navbar-inverse navbar-fixed-top']\"); //By two different attributes\ncy.get(\"[name='email'][placeholder='Email Address']\"); //By xpath\n// Require add XPath command to Cypress test runner: npm install -D cypress-xpath\ncy.xpath(\"//input[@name='first_name']\");",
              "err": {},
              "uuid": "27f3dcc8-758b-447f-8b07-ee0c4d531072",
              "parentUUID": "0d882273-f813-42dd-87b2-e3bb2797c570",
              "isHook": false,
              "skipped": false
            }
          ],
          "suites": [],
          "passes": [
            "27f3dcc8-758b-447f-8b07-ee0c4d531072"
          ],
          "failures": [],
          "pending": [],
          "skipped": [],
          "duration": 414,
          "root": false,
          "rootEmpty": false,
          "_timeout": 2000
        }
      ],
      "passes": [],
      "failures": [],
      "pending": [],
      "skipped": [],
      "duration": 0,
      "root": true,
      "rootEmpty": true,
      "_timeout": 2000
    },
    {
      "uuid": "8df50e17-17de-464e-8f92-31ec44047323",
      "title": "",
      "fullFile": "cypress/integration/webdriver-uni/traversing-elements.js",
      "file": "cypress/integration/webdriver-uni/traversing-elements.js",
      "beforeHooks": [],
      "afterHooks": [],
      "tests": [],
      "suites": [
        {
          "uuid": "7ccb909a-8642-4c3e-bfdb-543fba64cc0e",
          "title": "Traversing DOM elements in Cypress",
          "fullFile": "",
          "file": "",
          "beforeHooks": [],
          "afterHooks": [],
          "tests": [
            {
              "title": "children() to get the children of DOM elements",
              "fullTitle": "Traversing DOM elements in Cypress children() to get the children of DOM elements",
              "timedOut": null,
              "duration": 836,
              "state": "passed",
              "speed": "slow",
              "pass": true,
              "fail": false,
              "pending": false,
              "context": null,
              "code": "cy.get('.traversal-breadcrumb').children('.active').should('contain', 'Contact Us');",
              "err": {},
              "uuid": "fcf5ae31-6c11-4da8-bf33-3d9b0c8dbbc3",
              "parentUUID": "7ccb909a-8642-4c3e-bfdb-543fba64cc0e",
              "isHook": false,
              "skipped": false
            },
            {
              "title": "closest() to validate the closest ancestor DOM element",
              "fullTitle": "Traversing DOM elements in Cypress closest() to validate the closest ancestor DOM element",
              "timedOut": null,
              "duration": 637,
              "state": "passed",
              "speed": "slow",
              "pass": true,
              "fail": false,
              "pending": false,
              "context": null,
              "code": "cy.get('.traversal-badge').closest('ul').should('have.class', 'list-group');",
              "err": {},
              "uuid": "539c0f07-dc55-4aae-b678-bb36c416f6a1",
              "parentUUID": "7ccb909a-8642-4c3e-bfdb-543fba64cc0e",
              "isHook": false,
              "skipped": false
            },
            {
              "title": "eq() to retrieve a specific element based on index",
              "fullTitle": "Traversing DOM elements in Cypress eq() to retrieve a specific element based on index",
              "timedOut": null,
              "duration": 470,
              "state": "passed",
              "speed": "slow",
              "pass": true,
              "fail": false,
              "pending": false,
              "context": null,
              "code": "//cy.xpath(\"//*[@class='traversal-drinks-list']/li\").eq(0).should('contain', 'Coffee')\ncy.get('.traversal-drinks-list > *').eq(0).should('contain', 'Coffee');",
              "err": {},
              "uuid": "4fbd75a7-e968-4785-bfcc-5e567aca1064",
              "parentUUID": "7ccb909a-8642-4c3e-bfdb-543fba64cc0e",
              "isHook": false,
              "skipped": false
            },
            {
              "title": "filter() to retrieve DOM elements that match a specific selector",
              "fullTitle": "Traversing DOM elements in Cypress filter() to retrieve DOM elements that match a specific selector",
              "timedOut": null,
              "duration": 516,
              "state": "passed",
              "speed": "slow",
              "pass": true,
              "fail": false,
              "pending": false,
              "context": null,
              "code": "cy.get('.btn-group-toggle > *').filter('.active').should('contain', 'Button-1');",
              "err": {},
              "uuid": "ff9a997b-9d4a-4375-b455-b173818b33a0",
              "parentUUID": "7ccb909a-8642-4c3e-bfdb-543fba64cc0e",
              "isHook": false,
              "skipped": false
            },
            {
              "title": "find() to retrieve DOM elements of a given selector",
              "fullTitle": "Traversing DOM elements in Cypress find() to retrieve DOM elements of a given selector",
              "timedOut": null,
              "duration": 456,
              "state": "passed",
              "speed": "slow",
              "pass": true,
              "fail": false,
              "pending": false,
              "context": null,
              "code": "cy.get('.traversal-pagination').find('li').find('a').should('have.length', 7);",
              "err": {},
              "uuid": "bd8e30dc-b4ec-4961-87c9-280338b7278c",
              "parentUUID": "7ccb909a-8642-4c3e-bfdb-543fba64cc0e",
              "isHook": false,
              "skipped": false
            },
            {
              "title": "first() to retrieve the first DOM element within elements ",
              "fullTitle": "Traversing DOM elements in Cypress first() to retrieve the first DOM element within elements ",
              "timedOut": null,
              "duration": 523,
              "state": "passed",
              "speed": "slow",
              "pass": true,
              "fail": false,
              "pending": false,
              "context": null,
              "code": "cy.get('.traversal-table > tbody > tr > td').first().should('contain', 'Andy');",
              "err": {},
              "uuid": "1f05dc9c-e07b-4139-abba-28577d817b5d",
              "parentUUID": "7ccb909a-8642-4c3e-bfdb-543fba64cc0e",
              "isHook": false,
              "skipped": false
            },
            {
              "title": "last() to retrieve the last DOM element within elements",
              "fullTitle": "Traversing DOM elements in Cypress last() to retrieve the last DOM element within elements",
              "timedOut": null,
              "duration": 452,
              "state": "passed",
              "speed": "slow",
              "pass": true,
              "fail": false,
              "pending": false,
              "context": null,
              "code": "cy.get('.traversal-table > tbody > tr > td').last().should('contain', 'Scott');",
              "err": {},
              "uuid": "6984c14b-b0cf-47d6-8d70-574972a88bed",
              "parentUUID": "7ccb909a-8642-4c3e-bfdb-543fba64cc0e",
              "isHook": false,
              "skipped": false
            },
            {
              "title": "nextAll() to get all of the next sibling DOM elements within elements",
              "fullTitle": "Traversing DOM elements in Cypress nextAll() to get all of the next sibling DOM elements within elements",
              "timedOut": null,
              "duration": 737,
              "state": "passed",
              "speed": "slow",
              "pass": true,
              "fail": false,
              "pending": false,
              "context": null,
              "code": "cy.get('.traversal-drinks-list').contains('Milk').nextAll().should('have.length', '2');",
              "err": {},
              "uuid": "42ff0c16-c196-4309-9e1e-093028b9dfbb",
              "parentUUID": "7ccb909a-8642-4c3e-bfdb-543fba64cc0e",
              "isHook": false,
              "skipped": false
            },
            {
              "title": "nextUntil() to get all of the next sibling DOM elements within elements until another element",
              "fullTitle": "Traversing DOM elements in Cypress nextUntil() to get all of the next sibling DOM elements within elements until another element",
              "timedOut": null,
              "duration": 477,
              "state": "passed",
              "speed": "slow",
              "pass": true,
              "fail": false,
              "pending": false,
              "context": null,
              "code": "cy.get('#coffee').nextUntil('#milk').then($element => {\n  cy.log($element.text());\n});",
              "err": {},
              "uuid": "3e279d6f-8c4c-4ee2-b122-eacd23e291e4",
              "parentUUID": "7ccb909a-8642-4c3e-bfdb-543fba64cc0e",
              "isHook": false,
              "skipped": false
            },
            {
              "title": "not() to remove DOM element(s) from the set of elements",
              "fullTitle": "Traversing DOM elements in Cypress not() to remove DOM element(s) from the set of elements",
              "timedOut": null,
              "duration": 528,
              "state": "passed",
              "speed": "slow",
              "pass": true,
              "fail": false,
              "pending": false,
              "context": null,
              "code": "cy.get('.traversal-button-states > button').not('.disabled').should('have.length', 3);\ncy.get('.traversal-button-states > button').not('.disabled').should('not.have.class', 'disabled');",
              "err": {},
              "uuid": "149035cf-23aa-48f7-b9d6-67927588e4d1",
              "parentUUID": "7ccb909a-8642-4c3e-bfdb-543fba64cc0e",
              "isHook": false,
              "skipped": false
            },
            {
              "title": "parent() To get parent DOM element of elements",
              "fullTitle": "Traversing DOM elements in Cypress parent() To get parent DOM element of elements",
              "timedOut": null,
              "duration": 453,
              "state": "passed",
              "speed": "slow",
              "pass": true,
              "fail": false,
              "pending": false,
              "context": null,
              "code": "cy.get('.traversal-mark').parent().should('contain', 'Lorem ipsum dolor');",
              "err": {},
              "uuid": "d967cf8f-75e4-4677-9b9d-4de6dfa79f87",
              "parentUUID": "7ccb909a-8642-4c3e-bfdb-543fba64cc0e",
              "isHook": false,
              "skipped": false
            },
            {
              "title": "parents() to get parents DOM element of elements",
              "fullTitle": "Traversing DOM elements in Cypress parents() to get parents DOM element of elements",
              "timedOut": null,
              "duration": 539,
              "state": "passed",
              "speed": "slow",
              "pass": true,
              "fail": false,
              "pending": false,
              "context": null,
              "code": "cy.get('.traversal-cite').parents().should('match', 'blockquote');",
              "err": {},
              "uuid": "a2ceae4f-26d9-4090-856e-005d984fc8fb",
              "parentUUID": "7ccb909a-8642-4c3e-bfdb-543fba64cc0e",
              "isHook": false,
              "skipped": false
            },
            {
              "title": "prev() to get the previous sibling DOM element within elements",
              "fullTitle": "Traversing DOM elements in Cypress prev() to get the previous sibling DOM element within elements",
              "timedOut": null,
              "duration": 480,
              "state": "passed",
              "speed": "slow",
              "pass": true,
              "fail": false,
              "pending": false,
              "context": null,
              "code": "cy.get('#sugar').prev().should('contain.html', 'Espresso');\ncy.get('#sugar').prev().contains('Espresso');",
              "err": {},
              "uuid": "0fc85a03-9e85-46b7-a8ff-3d546f23736f",
              "parentUUID": "7ccb909a-8642-4c3e-bfdb-543fba64cc0e",
              "isHook": false,
              "skipped": false
            },
            {
              "title": "prevAll() to get all previous sibling DOM elements within elements",
              "fullTitle": "Traversing DOM elements in Cypress prevAll() to get all previous sibling DOM elements within elements",
              "timedOut": null,
              "duration": 528,
              "state": "passed",
              "speed": "slow",
              "pass": true,
              "fail": false,
              "pending": false,
              "context": null,
              "code": "cy.get('.sales').prevAll().should('have.length', 2);",
              "err": {},
              "uuid": "f60cfea9-1b20-49d7-896d-3cbeeafbb620",
              "parentUUID": "7ccb909a-8642-4c3e-bfdb-543fba64cc0e",
              "isHook": false,
              "skipped": false
            },
            {
              "title": "prevUntil() to get all previous sibling DOM elements within elements until other element",
              "fullTitle": "Traversing DOM elements in Cypress prevUntil() to get all previous sibling DOM elements within elements until other element",
              "timedOut": null,
              "duration": 467,
              "state": "passed",
              "speed": "slow",
              "pass": true,
              "fail": false,
              "pending": false,
              "context": null,
              "code": "cy.get('#veggie').prevUntil('#fruits').should('have.length', 5);",
              "err": {},
              "uuid": "373264e8-90e4-4b3d-a861-ae9ec6e6767e",
              "parentUUID": "7ccb909a-8642-4c3e-bfdb-543fba64cc0e",
              "isHook": false,
              "skipped": false
            },
            {
              "title": "siblings() To get all sibling DOM elements of elements",
              "fullTitle": "Traversing DOM elements in Cypress siblings() To get all sibling DOM elements of elements",
              "timedOut": null,
              "duration": 519,
              "state": "passed",
              "speed": "slow",
              "pass": true,
              "fail": false,
              "pending": false,
              "context": null,
              "code": "cy.get('.traversal-button-other-states .active').siblings().should('have.length', 3);",
              "err": {},
              "uuid": "7c0991e2-3fa7-4ba8-812a-3df29a286bea",
              "parentUUID": "7ccb909a-8642-4c3e-bfdb-543fba64cc0e",
              "isHook": false,
              "skipped": false
            }
          ],
          "suites": [],
          "passes": [
            "fcf5ae31-6c11-4da8-bf33-3d9b0c8dbbc3",
            "539c0f07-dc55-4aae-b678-bb36c416f6a1",
            "4fbd75a7-e968-4785-bfcc-5e567aca1064",
            "ff9a997b-9d4a-4375-b455-b173818b33a0",
            "bd8e30dc-b4ec-4961-87c9-280338b7278c",
            "1f05dc9c-e07b-4139-abba-28577d817b5d",
            "6984c14b-b0cf-47d6-8d70-574972a88bed",
            "42ff0c16-c196-4309-9e1e-093028b9dfbb",
            "3e279d6f-8c4c-4ee2-b122-eacd23e291e4",
            "149035cf-23aa-48f7-b9d6-67927588e4d1",
            "d967cf8f-75e4-4677-9b9d-4de6dfa79f87",
            "a2ceae4f-26d9-4090-856e-005d984fc8fb",
            "0fc85a03-9e85-46b7-a8ff-3d546f23736f",
            "f60cfea9-1b20-49d7-896d-3cbeeafbb620",
            "373264e8-90e4-4b3d-a861-ae9ec6e6767e",
            "7c0991e2-3fa7-4ba8-812a-3df29a286bea"
          ],
          "failures": [],
          "pending": [],
          "skipped": [],
          "duration": 8618,
          "root": false,
          "rootEmpty": false,
          "_timeout": 2000
        }
      ],
      "passes": [],
      "failures": [],
      "pending": [],
      "skipped": [],
      "duration": 0,
      "root": true,
      "rootEmpty": true,
      "_timeout": 2000
    },
    {
      "uuid": "9831935d-bce2-4d5d-988e-5fabf58ecaf4",
      "title": "",
      "fullFile": "cypress/integration/automation-test-store/add-multiple-items-to-basket.js",
      "file": "cypress/integration/automation-test-store/add-multiple-items-to-basket.js",
      "beforeHooks": [],
      "afterHooks": [],
      "tests": [],
      "suites": [
        {
          "uuid": "94a5236d-5c3c-462e-8a17-af8fbbf0f1a4",
          "title": "Add multiple items to basket",
          "fullFile": "",
          "file": "",
          "beforeHooks": [],
          "afterHooks": [],
          "tests": [
            {
              "title": "TC001 - Add specific items to basket",
              "fullTitle": "Add multiple items to basket TC001 - Add specific items to basket",
              "timedOut": null,
              "duration": 8809,
              "state": "passed",
              "speed": "slow",
              "pass": true,
              "fail": false,
              "pending": false,
              "context": null,
              "code": "autoStore_HairCare_PO.addHairCareProductsToBasket();",
              "err": {},
              "uuid": "4979e3bc-849a-4ffa-98d2-131d56ffa90d",
              "parentUUID": "94a5236d-5c3c-462e-8a17-af8fbbf0f1a4",
              "isHook": false,
              "skipped": false
            }
          ],
          "suites": [],
          "passes": [
            "4979e3bc-849a-4ffa-98d2-131d56ffa90d"
          ],
          "failures": [],
          "pending": [],
          "skipped": [],
          "duration": 8809,
          "root": false,
          "rootEmpty": false,
          "_timeout": 2000
        }
      ],
      "passes": [],
      "failures": [],
      "pending": [],
      "skipped": [],
      "duration": 0,
      "root": true,
      "rootEmpty": true,
      "_timeout": 2000
    }
  ],
  "meta": {
    "mocha": {
      "version": "7.0.1"
    },
    "mochawesome": {
      "options": {
        "quiet": false,
        "reportFilename": "mochawesome",
        "saveHtml": false,
        "saveJson": true,
        "consoleReporter": "spec",
        "useInlineDiffs": false,
        "code": true
      },
      "version": "6.2.2"
    },
    "marge": {
      "options": {
        "id": "default",
        "reportDir": "cypress/results/mochawesome",
        "quite": true,
        "overwrite": false,
        "html": false,
        "json": true
      },
      "version": "5.2.0"
    }
  }
}